<?xml version="1.0" encoding="UTF-8"?>
<!-- Generated by org.testng.reporters.JUnitXMLReporter -->
<testsuite hostname="umesh" ignored="0" name="Default test" tests="5" failures="0" timestamp="2020-08-08T11:29:58 IST" time="85.356" errors="0">
  <testcase name="loginTest" time="12.582" classname="com.netBankingTestCases.TC_LoginTest_001"/>
  <testcase name="loginTest" time="6.725" classname="com.netBankingTestCases.TC_LoginTest_001"/>
  <testcase name="loginTest" time="4.811" classname="com.netBankingTestCases.TC_LoginTest_001"/>
  <testcase name="loginTest" time="10.33" classname="com.netBankingTestCases.TC_LoginTest_001"/>
  <testcase name="titleTest" time="0.08" classname="com.netBankingTestCases.TC_LoginTest_001"/>
</testsuite> <!-- Default test -->
