<?xml version="1.0" encoding="UTF-8"?>
<!-- Generated by org.testng.reporters.JUnitXMLReporter -->
<testsuite hostname="umesh" ignored="0" name="Default test" tests="3" failures="0" timestamp="2020-08-07T01:18:15 IST" time="0.112" errors="0">
  <testcase name="@BeforeTest getDriver" time="0.016" classname="com.netBankingTestCases.TC_LoginTest_001">
    <failure type="java.io.FileNotFoundException" message="C:\Users\Umesh\eclipse-workspace\Guru99Banksrc\test\java\netBankingUtilities\config.properties (The system cannot find the path specified)">
      <![CDATA[java.io.FileNotFoundException: C:\Users\Umesh\eclipse-workspace\Guru99Banksrc\test\java\netBankingUtilities\config.properties (The system cannot find the path specified)
at java.io.FileInputStream.open0(Native Method)
at java.io.FileInputStream.open(FileInputStream.java:195)
at java.io.FileInputStream.<init>(FileInputStream.java:138)
at java.io.FileInputStream.<init>(FileInputStream.java:93)
at netBankingUtilities.BaseClass.setUp(BaseClass.java:20)
at com.netBankingTestCases.TC_LoginTest_001.getDriver(TC_LoginTest_001.java:26)
at sun.reflect.NativeMethodAccessorImpl.invoke0(Native Method)
at sun.reflect.NativeMethodAccessorImpl.invoke(NativeMethodAccessorImpl.java:62)
at sun.reflect.DelegatingMethodAccessorImpl.invoke(DelegatingMethodAccessorImpl.java:43)
at java.lang.reflect.Method.invoke(Method.java:498)
at org.testng.internal.MethodInvocationHelper.invokeMethod(MethodInvocationHelper.java:135)
at org.testng.internal.MethodInvocationHelper.invokeMethodConsideringTimeout(MethodInvocationHelper.java:64)
at org.testng.internal.ConfigInvoker.invokeConfigurationMethod(ConfigInvoker.java:364)
at org.testng.internal.ConfigInvoker.invokeConfigurations(ConfigInvoker.java:318)
at org.testng.TestRunner.invokeTestConfigurations(TestRunner.java:620)
at org.testng.TestRunner.beforeRun(TestRunner.java:610)
at org.testng.TestRunner.run(TestRunner.java:581)
at org.testng.SuiteRunner.runTest(SuiteRunner.java:384)
at org.testng.SuiteRunner.runSequentially(SuiteRunner.java:378)
at org.testng.SuiteRunner.privateRun(SuiteRunner.java:337)
at org.testng.SuiteRunner.run(SuiteRunner.java:286)
at org.testng.SuiteRunnerWorker.runSuite(SuiteRunnerWorker.java:53)
at org.testng.SuiteRunnerWorker.run(SuiteRunnerWorker.java:96)
at org.testng.TestNG.runSuitesSequentially(TestNG.java:1214)
at org.testng.TestNG.runSuitesLocally(TestNG.java:1136)
at org.testng.TestNG.runSuites(TestNG.java:1066)
at org.testng.TestNG.run(TestNG.java:1034)
at org.testng.remote.AbstractRemoteTestNG.run(AbstractRemoteTestNG.java:115)
at org.testng.remote.RemoteTestNG.initAndRun(RemoteTestNG.java:251)
at org.testng.remote.RemoteTestNG.main(RemoteTestNG.java:77)
]]>
    </failure>
  </testcase> <!-- @BeforeTest getDriver -->
  <testcase name="loginTest" time="0.0" classname="com.netBankingTestCases.TC_LoginTest_001">
    <skipped/>
  </testcase> <!-- loginTest -->
  <testcase name="loginTest" time="0.0" classname="com.netBankingTestCases.TC_LoginTest_001">
    <skipped/>
  </testcase> <!-- loginTest -->
  <testcase name="loginTest" time="0.0" classname="com.netBankingTestCases.TC_LoginTest_001">
    <skipped/>
  </testcase> <!-- loginTest -->
</testsuite> <!-- Default test -->
