<?xml version="1.0" encoding="UTF-8"?>
<!-- Generated by org.testng.reporters.JUnitXMLReporter -->
<testsuite hostname="umesh" ignored="0" name="Test" tests="4" failures="0" timestamp="2020-08-08T00:27:34 IST" time="48.261" errors="0">
  <testcase name="loginTest" time="15.026" classname="com.netBankingTestCases.TC_LoginTest_001"/>
  <testcase name="loginTest" time="9.534" classname="com.netBankingTestCases.TC_LoginTest_001"/>
  <testcase name="loginTest" time="10.007" classname="com.netBankingTestCases.TC_LoginTest_001"/>
  <testcase name="titleTest" time="0.045" classname="com.netBankingTestCases.TC_LoginTest_001"/>
</testsuite> <!-- Test -->
