<?xml version="1.0" encoding="UTF-8"?>
<!-- Generated by org.testng.reporters.JUnitXMLReporter -->
<testsuite hostname="umesh" ignored="0" name="validating user login and managerHomePage title" tests="5" failures="0" timestamp="2020-08-08T17:00:37 IST" time="32.326" errors="0">
  <testcase name="loginTest" time="5.582" classname="com.netBankingTestCases.TC_LoginTest_001"/>
  <testcase name="loginTest" time="4.778" classname="com.netBankingTestCases.TC_LoginTest_001"/>
  <testcase name="loginTest" time="4.276" classname="com.netBankingTestCases.TC_LoginTest_001"/>
  <testcase name="loginTest" time="7.655" classname="com.netBankingTestCases.TC_LoginTest_001"/>
  <testcase name="titleTest" time="0.111" classname="com.netBankingTestCases.TC_LoginTest_001"/>
</testsuite> <!-- validating user login and managerHomePage title -->
