<?xml version="1.0" encoding="UTF-8"?>
<!-- Generated by org.testng.reporters.JUnitXMLReporter -->
<testsuite hostname="umesh" ignored="0" name="validate manager ID" tests="1" failures="1" timestamp="2020-09-19T20:03:09 IST" time="24.07" errors="0">
  <testcase name="getManagerIDTest" time="12.921" classname="com.netBankingTestCases.TC_ManagerIDTest">
    <failure type="java.lang.AssertionError" message="expected [true] but found [false]">
      <![CDATA[java.lang.AssertionError: expected [true] but found [false]
at com.netBankingTestCases.TC_ManagerIDTest.getManagerIDTest(TC_ManagerIDTest.java:50)
at java.util.ArrayList.forEach(ArrayList.java:1257)
... Removed 31 stack frames]]>
    </failure>
  </testcase> <!-- getManagerIDTest -->
</testsuite> <!-- validate manager ID -->
