<?xml version="1.0" encoding="UTF-8"?>
<!-- Generated by org.testng.reporters.JUnitXMLReporter -->
<testsuite hostname="umesh" ignored="0" name="validating user login and managerHomePage title" tests="5" failures="0" timestamp="2020-08-08T21:53:28 IST" time="45.669" errors="0">
  <testcase name="loginTest" time="9.582" classname="com.netBankingTestCases.TC_LoginTest_001"/>
  <testcase name="loginTest" time="4.704" classname="com.netBankingTestCases.TC_LoginTest_001"/>
  <testcase name="loginTest" time="5.589" classname="com.netBankingTestCases.TC_LoginTest_001"/>
  <testcase name="loginTest" time="7.197" classname="com.netBankingTestCases.TC_LoginTest_001"/>
  <testcase name="titleTest" time="0.09" classname="com.netBankingTestCases.TC_LoginTest_001"/>
</testsuite> <!-- validating user login and managerHomePage title -->
