<?xml version="1.0" encoding="UTF-8"?>
<testng-results skipped="0" failed="1" ignored="0" total="6" passed="5">
  <reporter-output>
  </reporter-output>
  <suite name="Suite" duration-ms="94048" started-at="2020-09-19T20:01:35 IST" finished-at="2020-09-19T20:03:09 IST">
    <groups>
    </groups>
    <test name="validating user login and managerHomePage title" duration-ms="69254" started-at="2020-09-19T20:01:35 IST" finished-at="2020-09-19T20:02:44 IST">
      <class name="com.netBankingTestCases.TC_LoginTest_001">
        <test-method status="PASS" signature="getDriver()[pri:0, instance:com.netBankingTestCases.TC_LoginTest_001@5609159b]" name="getDriver" is-config="true" duration-ms="22647" started-at="2020-09-19T20:01:35 IST" finished-at="2020-09-19T20:01:57 IST">
          <reporter-output>
          </reporter-output>
        </test-method> <!-- getDriver -->
        <test-method status="PASS" signature="loginTest(java.lang.String, java.lang.String)[pri:0, instance:com.netBankingTestCases.TC_LoginTest_001@5609159b]" name="loginTest" duration-ms="10892" started-at="2020-09-19T20:02:05 IST" data-provider="getDataProvide" finished-at="2020-09-19T20:02:16 IST">
          <params>
            <param index="0">
              <value>
                <![CDATA[username]]>
              </value>
            </param>
            <param index="1">
              <value>
                <![CDATA[password]]>
              </value>
            </param>
          </params>
          <reporter-output>
          </reporter-output>
        </test-method> <!-- loginTest -->
        <test-method status="PASS" signature="loginTest(java.lang.String, java.lang.String)[pri:0, instance:com.netBankingTestCases.TC_LoginTest_001@5609159b]" name="loginTest" duration-ms="6777" started-at="2020-09-19T20:02:16 IST" data-provider="getDataProvide" finished-at="2020-09-19T20:02:23 IST">
          <params>
            <param index="0">
              <value>
                <![CDATA[invalid]]>
              </value>
            </param>
            <param index="1">
              <value>
                <![CDATA[valid]]>
              </value>
            </param>
          </params>
          <reporter-output>
          </reporter-output>
        </test-method> <!-- loginTest -->
        <test-method status="PASS" signature="loginTest(java.lang.String, java.lang.String)[pri:0, instance:com.netBankingTestCases.TC_LoginTest_001@5609159b]" name="loginTest" duration-ms="6986" started-at="2020-09-19T20:02:23 IST" data-provider="getDataProvide" finished-at="2020-09-19T20:02:30 IST">
          <params>
            <param index="0">
              <value>
                <![CDATA[valid]]>
              </value>
            </param>
            <param index="1">
              <value>
                <![CDATA[invalid]]>
              </value>
            </param>
          </params>
          <reporter-output>
          </reporter-output>
        </test-method> <!-- loginTest -->
        <test-method status="PASS" signature="loginTest(java.lang.String, java.lang.String)[pri:0, instance:com.netBankingTestCases.TC_LoginTest_001@5609159b]" name="loginTest" duration-ms="12315" started-at="2020-09-19T20:02:30 IST" data-provider="getDataProvide" finished-at="2020-09-19T20:02:42 IST">
          <params>
            <param index="0">
              <value>
                <![CDATA[mngr285513]]>
              </value>
            </param>
            <param index="1">
              <value>
                <![CDATA[YdUpuzE]]>
              </value>
            </param>
          </params>
          <reporter-output>
          </reporter-output>
        </test-method> <!-- loginTest -->
        <test-method status="PASS" signature="titleTest()[pri:0, instance:com.netBankingTestCases.TC_LoginTest_001@5609159b]" name="titleTest" duration-ms="333" started-at="2020-09-19T20:02:42 IST" finished-at="2020-09-19T20:02:43 IST">
          <reporter-output>
          </reporter-output>
        </test-method> <!-- titleTest -->
        <test-method status="PASS" signature="tearDown()[pri:0, instance:com.netBankingTestCases.TC_LoginTest_001@5609159b]" name="tearDown" is-config="true" duration-ms="1223" started-at="2020-09-19T20:02:43 IST" finished-at="2020-09-19T20:02:44 IST">
          <reporter-output>
          </reporter-output>
        </test-method> <!-- tearDown -->
      </class> <!-- com.netBankingTestCases.TC_LoginTest_001 -->
    </test> <!-- validating user login and managerHomePage title -->
    <test name="validate manager ID" duration-ms="24070" started-at="2020-09-19T20:02:45 IST" finished-at="2020-09-19T20:03:09 IST">
      <class name="com.netBankingTestCases.TC_ManagerIDTest">
        <test-method status="PASS" signature="getDriver()[pri:0, instance:com.netBankingTestCases.TC_ManagerIDTest@343570b7]" name="getDriver" is-config="true" duration-ms="9547" started-at="2020-09-19T20:02:45 IST" finished-at="2020-09-19T20:02:54 IST">
          <reporter-output>
          </reporter-output>
        </test-method> <!-- getDriver -->
        <test-method status="FAIL" signature="getManagerIDTest(java.lang.String, java.lang.String)[pri:0, instance:com.netBankingTestCases.TC_ManagerIDTest@343570b7]" name="getManagerIDTest" duration-ms="12921" started-at="2020-09-19T20:02:54 IST" data-provider="getDataProvide" finished-at="2020-09-19T20:03:07 IST">
          <params>
            <param index="0">
              <value>
                <![CDATA[mngr285513]]>
              </value>
            </param>
            <param index="1">
              <value>
                <![CDATA[YdUpuzE]]>
              </value>
            </param>
          </params>
          <exception class="java.lang.AssertionError">
            <message>
              <![CDATA[expected [true] but found [false]]]>
            </message>
            <full-stacktrace>
              <![CDATA[java.lang.AssertionError: expected [true] but found [false]
at org.testng.Assert.fail(Assert.java:97)
at org.testng.Assert.failNotEquals(Assert.java:968)
at org.testng.Assert.assertTrue(Assert.java:43)
at org.testng.Assert.assertTrue(Assert.java:53)
at com.netBankingTestCases.TC_ManagerIDTest.getManagerIDTest(TC_ManagerIDTest.java:50)
at sun.reflect.NativeMethodAccessorImpl.invoke0(Native Method)
at sun.reflect.NativeMethodAccessorImpl.invoke(NativeMethodAccessorImpl.java:62)
at sun.reflect.DelegatingMethodAccessorImpl.invoke(DelegatingMethodAccessorImpl.java:43)
at java.lang.reflect.Method.invoke(Method.java:498)
at org.testng.internal.MethodInvocationHelper.invokeMethod(MethodInvocationHelper.java:135)
at org.testng.internal.TestInvoker.invokeMethod(TestInvoker.java:598)
at org.testng.internal.TestInvoker.invokeTestMethod(TestInvoker.java:174)
at org.testng.internal.MethodRunner.runInSequence(MethodRunner.java:46)
at org.testng.internal.TestInvoker$MethodInvocationAgent.invoke(TestInvoker.java:821)
at org.testng.internal.TestInvoker.invokeTestMethods(TestInvoker.java:147)
at org.testng.internal.TestMethodWorker.invokeTestMethods(TestMethodWorker.java:146)
at org.testng.internal.TestMethodWorker.run(TestMethodWorker.java:128)
at java.util.ArrayList.forEach(ArrayList.java:1257)
at org.testng.TestRunner.privateRun(TestRunner.java:767)
at org.testng.TestRunner.run(TestRunner.java:588)
at org.testng.SuiteRunner.runTest(SuiteRunner.java:384)
at org.testng.SuiteRunner.runSequentially(SuiteRunner.java:378)
at org.testng.SuiteRunner.privateRun(SuiteRunner.java:337)
at org.testng.SuiteRunner.run(SuiteRunner.java:286)
at org.testng.SuiteRunnerWorker.runSuite(SuiteRunnerWorker.java:53)
at org.testng.SuiteRunnerWorker.run(SuiteRunnerWorker.java:96)
at org.testng.TestNG.runSuitesSequentially(TestNG.java:1214)
at org.testng.TestNG.runSuitesLocally(TestNG.java:1136)
at org.testng.TestNG.runSuites(TestNG.java:1066)
at org.testng.TestNG.run(TestNG.java:1034)
at org.testng.remote.AbstractRemoteTestNG.run(AbstractRemoteTestNG.java:115)
at org.testng.remote.RemoteTestNG.initAndRun(RemoteTestNG.java:251)
at org.testng.remote.RemoteTestNG.main(RemoteTestNG.java:77)
]]>
            </full-stacktrace>
          </exception> <!-- java.lang.AssertionError -->
          <reporter-output>
          </reporter-output>
        </test-method> <!-- getManagerIDTest -->
        <test-method status="PASS" signature="tearDown()[pri:0, instance:com.netBankingTestCases.TC_ManagerIDTest@343570b7]" name="tearDown" is-config="true" duration-ms="695" started-at="2020-09-19T20:03:08 IST" finished-at="2020-09-19T20:03:09 IST">
          <reporter-output>
          </reporter-output>
        </test-method> <!-- tearDown -->
      </class> <!-- com.netBankingTestCases.TC_ManagerIDTest -->
    </test> <!-- validate manager ID -->
  </suite> <!-- Suite -->
</testng-results>
